{
  "RSpec": {
    "coverage": {
      "/Users/petra/Google Drive/projects/challenges/airport/spec/airport_spec.rb": [
        1,
        null,
        1,
        4,
        null,
        1,
        1,
        1,
        null,
        null,
        null,
        1,
        1,
        1,
        null,
        null,
        null,
        1,
        1,
        20,
        null,
        2,
        null,
        null
      ],
      "/Users/petra/Google Drive/projects/challenges/airport/lib/airport.rb": [
        1,
        null,
        1,
        6,
        6,
        null,
        null,
        1,
        43,
        41,
        null,
        null,
        1,
        null,
        null,
        null
      ],
      "/Users/petra/Google Drive/projects/challenges/airport/spec/feature_spec.rb": [
        1,
        null,
        null,
        null,
        null,
        1,
        1,
        1,
        2,
        null,
        null,
        null,
        null,
        null,
        1,
        1,
        1,
        2,
        null,
        null,
        null,
        null,
        null,
        1,
        1,
        1,
        1,
        20,
        null,
        2,
        null,
        null,
        null,
        null,
        null,
        null,
        null,
        null,
        null,
        null,
        null,
        null,
        null,
        null,
        null,
        null,
        null,
        null,
        null,
        null,
        null,
        null,
        null,
        null,
        null,
        null
      ],
      "/Users/petra/Google Drive/projects/challenges/airport/spec/plane_spec.rb": [
        1,
        null,
        1,
        null,
        null
      ],
      "/Users/petra/Google Drive/projects/challenges/airport/lib/plane.rb": [
        1,
        null,
        null
      ]
    },
    "timestamp": 1565036624
  }
}
